<?xml version="1.0" encoding="UTF-8"?>
<!-- Generated by org.testng.reporters.JUnitXMLReporter -->
<testsuite hostname="Naga-PC" ignored="0" name="Test1" tests="1" failures="1" timestamp="22 Apr 2019 12:17:14 GMT" time="41.162" errors="0">
  <testcase name="verify" time="41.077" classname="com.zoopla.testpages.testpage">
    <failure type="java.lang.IndexOutOfBoundsException" message="Index: 11, Size: 10">
      <![CDATA[java.lang.IndexOutOfBoundsException: Index: 11, Size: 10
at java.util.ArrayList.rangeCheck(ArrayList.java:653)
at java.util.ArrayList.get(ArrayList.java:429)
at com.zoopla.pages.SearchPropertyPage.propertyPriceSortingDESC(SearchPropertyPage.java:34)
at com.zoopla.testpages.testpage.verify(testpage.java:35)
... Removed 25 stack frames]]>
    </failure>
  </testcase> <!-- verify -->
</testsuite> <!-- Test1 -->
